Using pre-set license
Built from '2020.3/staging' branch; Version is '2020.3.16f1 (049d6eca3c44) revision 302446'; Using compiler version '192528614'; Build Type 'Release'
OS: 'Windows 10 Home; OS build 19042.1288; Version 2009; 64bit' Language: 'zh' Physical Memory: 15789 MB
BatchMode: 1, IsHumanControllingUs: 0, StartBugReporterOnCrash: 0, Is64bit: 1, IsPro: 0

 COMMAND LINE ARGUMENTS:
C:\Program Files\Unity\Hub\Editor\2020.3.16f1\Editor\Unity.exe
-adb2
-batchMode
-noUpm
-name
AssetImportWorker0
-projectPath
C:/Users/willy/Documents/GitHub/Unity_lesson_steamVR/Unity_lesson_steamVR
-logFile
Logs/AssetImportWorker0.log
-srvPort
12669
Successfully changed project path to: C:/Users/willy/Documents/GitHub/Unity_lesson_steamVR/Unity_lesson_steamVR
C:/Users/willy/Documents/GitHub/Unity_lesson_steamVR/Unity_lesson_steamVR
Using Asset Import Pipeline V2.
Refreshing native plugins compatible for Editor in 53.14 ms, found 5 plugins.
Preloading 0 native plugins for Editor in 0.00 ms.
Initialize engine version: 2020.3.16f1 (049d6eca3c44)
[Subsystems] Discovering subsystems at path C:/Program Files/Unity/Hub/Editor/2020.3.16f1/Editor/Data/Resources/UnitySubsystems
[Subsystems] Discovering subsystems at path C:/Users/willy/Documents/GitHub/Unity_lesson_steamVR/Unity_lesson_steamVR/Assets
GfxDevice: creating device client; threaded=0
Direct3D:
    Version:  Direct3D 11.0 [level 11.1]
    Renderer: NVIDIA GeForce RTX 2060 (ID=0x1f15)
    Vendor:   
    VRAM:     5980 MB
    Driver:   30.0.14.7196
Initialize mono
Mono path[0] = 'C:/Program Files/Unity/Hub/Editor/2020.3.16f1/Editor/Data/Managed'
Mono path[1] = 'C:/Program Files/Unity/Hub/Editor/2020.3.16f1/Editor/Data/MonoBleedingEdge/lib/mono/unityjit'
Mono config path = 'C:/Program Files/Unity/Hub/Editor/2020.3.16f1/Editor/Data/MonoBleedingEdge/etc'
Using monoOptions --debugger-agent=transport=dt_socket,embedding=1,server=y,suspend=n,address=127.0.0.1:56240
Begin MonoManager ReloadAssembly
Registering precompiled unity dll's ...
Register platform support module: C:/Program Files/Unity/Hub/Editor/2020.3.16f1/Editor/Data/PlaybackEngines/WebGLSupport/UnityEditor.WebGL.Extensions.dll
Register platform support module: C:/Program Files/Unity/Hub/Editor/2020.3.16f1/Editor/Data/PlaybackEngines/WindowsStandaloneSupport/UnityEditor.WindowsStandalone.Extensions.dll
Registered in 0.005914 seconds.
Native extension for WindowsStandalone target not found
Native extension for WebGL target not found
Refreshing native plugins compatible for Editor in 42.27 ms, found 5 plugins.
Preloading 0 native plugins for Editor in 0.00 ms.
Mono: successfully reloaded assembly
- Completed reload, in  2.996 seconds
Domain Reload Profiling:
	ReloadAssembly (2996ms)
		BeginReloadAssembly (95ms)
			ExecutionOrderSort (0ms)
			DisableScriptedObjects (0ms)
			BackupInstance (0ms)
			ReleaseScriptingObjects (0ms)
			CreateAndSetChildDomain (1ms)
		EndReloadAssembly (457ms)
			LoadAssemblies (91ms)
			RebuildTransferFunctionScriptingTraits (0ms)
			SetupTypeCache (153ms)
			ReleaseScriptCaches (0ms)
			RebuildScriptCaches (35ms)
			SetupLoadedEditorAssemblies (179ms)
				LogAssemblyErrors (0ms)
				InitializePlatformSupportModulesInManaged (7ms)
				SetLoadedEditorAssemblies (0ms)
				RefreshPlugins (42ms)
				BeforeProcessingInitializeOnLoad (19ms)
				ProcessInitializeOnLoadAttributes (78ms)
				ProcessInitializeOnLoadMethodAttributes (32ms)
				AfterProcessingInitializeOnLoad (0ms)
				EditorAssembliesLoaded (0ms)
			ExecutionOrderSort2 (0ms)
			AwakeInstancesAfterBackupRestoration (0ms)
Platform modules already initialized, skipping
Registering precompiled user dll's ...
Registered in 0.010565 seconds.
Begin MonoManager ReloadAssembly
Native extension for WindowsStandalone target not found
Native extension for WebGL target not found
Refreshing native plugins compatible for Editor in 0.64 ms, found 5 plugins.
Preloading 0 native plugins for Editor in 0.00 ms.
Mono: successfully reloaded assembly
- Completed reload, in  1.319 seconds
Domain Reload Profiling:
	ReloadAssembly (1320ms)
		BeginReloadAssembly (173ms)
			ExecutionOrderSort (0ms)
			DisableScriptedObjects (4ms)
			BackupInstance (0ms)
			ReleaseScriptingObjects (0ms)
			CreateAndSetChildDomain (24ms)
		EndReloadAssembly (1057ms)
			LoadAssemblies (133ms)
			RebuildTransferFunctionScriptingTraits (0ms)
			SetupTypeCache (318ms)
			ReleaseScriptCaches (0ms)
			RebuildScriptCaches (51ms)
			SetupLoadedEditorAssemblies (467ms)
				LogAssemblyErrors (0ms)
				InitializePlatformSupportModulesInManaged (9ms)
				SetLoadedEditorAssemblies (1ms)
				RefreshPlugins (1ms)
				BeforeProcessingInitializeOnLoad (112ms)
				ProcessInitializeOnLoadAttributes (325ms)
				ProcessInitializeOnLoadMethodAttributes (4ms)
				AfterProcessingInitializeOnLoad (16ms)
				EditorAssembliesLoaded (0ms)
			ExecutionOrderSort2 (0ms)
			AwakeInstancesAfterBackupRestoration (7ms)
Platform modules already initialized, skipping
========================================================================
Worker process is ready to serve import requests
Launched and connected shader compiler UnityShaderCompiler.exe after 0.06 seconds
Refreshing native plugins compatible for Editor in 0.60 ms, found 5 plugins.
Preloading 0 native plugins for Editor in 0.00 ms.
Unloading 1713 Unused Serialized files (Serialized files now loaded: 0)
System memory in use before: 78.4 MB.
System memory in use after: 78.5 MB.

Unloading 21 unused Assets to reduce memory usage. Loaded Objects now: 2146.
Total: 3.543900 ms (FindLiveObjects: 0.210700 ms CreateObjectMapping: 0.076700 ms MarkObjects: 3.130100 ms  DeleteObjects: 0.124700 ms)

AssetImportParameters requested are different than current active one (requested -> active):
  colorSpace: 1 -> 0
  custom:framework-win-MediaFoundation: 216162199b28c13a410421893ffa2e32 -> 
  custom:video-decoder-ogg-theora: a1e56fd34408186e4bbccfd4996cb3dc -> 
  custom:container-muxer-webm: aa71ff27fc2769a1b78a27578f13a17b -> 
  custom:container-demuxer-webm: 4f35f7cbe854078d1ac9338744f61a02 -> 
  custom:container-demuxer-ogg: 62fdf1f143b41e24485cea50d1cbac27 -> 
  custom:video-encoder-webm-vp8: eb34c28f22e8b96e1ab97ce403110664 -> 
  custom:video-decoder-webm-vp8: 9c59270c3fd7afecdb556c50c9e8de78 -> 
  custom:audio-decoder-ogg-vorbis: bf7c407c2cedff20999df2af8eb42d56 -> 
  custom:audio-encoder-webm-vorbis: bf7c407c2cedff20999df2af8eb42d56 -> 
========================================================================
Received Import Request.
  path: Assets/SteamVR/SteamVR.asmdef
  artifactKey: Guid(1fbf338ef6b952a448262a7ff7df5fe4) Importer(815301076,1909f56bfc062723c751e8b465ee728b)
Start importing Assets/SteamVR/SteamVR.asmdef using Guid(1fbf338ef6b952a448262a7ff7df5fe4) Importer(815301076,1909f56bfc062723c751e8b465ee728b)  -> (artifact id: 'b5fe19c4b6582d7c8c5237ffb5dc8ac1') in 0.039133 seconds 
  Import took 0.042129 seconds .

========================================================================
Received Import Request.
  Time since last request: 4.948804 seconds.
  path: Assets/Scenes/SampleScene.unity
  artifactKey: Guid(9fc0d4010bbf28b4594072e72b8655ab) Importer(815301076,1909f56bfc062723c751e8b465ee728b)
Start importing Assets/Scenes/SampleScene.unity using Guid(9fc0d4010bbf28b4594072e72b8655ab) Importer(815301076,1909f56bfc062723c751e8b465ee728b)  -> (artifact id: '85059f4f9e1a832ed95adaa0d25c5c4c') in 0.016974 seconds 
  Import took 0.019685 seconds .

========================================================================
Received Import Request.
  Time since last request: 0.001551 seconds.
  path: Assets/Scenes/SampleScene.unity
  artifactKey: Guid(9fc0d4010bbf28b4594072e72b8655ab) Importer(815301076,1909f56bfc062723c751e8b465ee728b)
Start importing Assets/Scenes/SampleScene.unity using Guid(9fc0d4010bbf28b4594072e72b8655ab) Importer(815301076,1909f56bfc062723c751e8b465ee728b)  -> (artifact id: '85059f4f9e1a832ed95adaa0d25c5c4c') in 0.004877 seconds 
  Import took 0.008325 seconds .

========================================================================
Received Import Request.
  Time since last request: 11.978732 seconds.
  path: Packages/com.valvesoftware.unity.openvr/package.json
  artifactKey: Guid(2d2923a5a31e1b04da55949c11b45583) Importer(815301076,1909f56bfc062723c751e8b465ee728b)
Start importing Packages/com.valvesoftware.unity.openvr/package.json using Guid(2d2923a5a31e1b04da55949c11b45583) Importer(815301076,1909f56bfc062723c751e8b465ee728b)  -> (artifact id: '376711b54267859c44d5d35193e6dd73') in 0.015121 seconds 
  Import took 0.018929 seconds .

========================================================================
Received Import Request.
  Time since last request: 64.114381 seconds.
  path: Assets/SteamVR/InteractionSystem/Samples/Interactions_Example.unity
  artifactKey: Guid(e3b77830391f10343929883b18f4d5ae) Importer(815301076,1909f56bfc062723c751e8b465ee728b)
Start importing Assets/SteamVR/InteractionSystem/Samples/Interactions_Example.unity using Guid(e3b77830391f10343929883b18f4d5ae) Importer(815301076,1909f56bfc062723c751e8b465ee728b)  -> (artifact id: '689b6cb84b92130ec69fddf66302090b') in 0.009357 seconds 
  Import took 0.013117 seconds .

========================================================================
Received Import Request.
  Time since last request: 18.795667 seconds.
  path: Assets/SteamVR_Resources/Resources/SteamVR_Settings.asset
  artifactKey: Guid(d195f506e4dc567469294e2cdc6a68df) Importer(815301076,1909f56bfc062723c751e8b465ee728b)
Start importing Assets/SteamVR_Resources/Resources/SteamVR_Settings.asset using Guid(d195f506e4dc567469294e2cdc6a68df) Importer(815301076,1909f56bfc062723c751e8b465ee728b)  -> (artifact id: '20efc74b0113fe1b25b5b03119322ef5') in 0.019778 seconds 
  Import took 0.023051 seconds .

========================================================================
Received Import Request.
  Time since last request: 1731.846078 seconds.
  path: Assets/籃球/source
  artifactKey: Guid(53461a8ded7695246bee2529e9b99ad0) Importer(815301076,1909f56bfc062723c751e8b465ee728b)
Start importing Assets/籃球/source using Guid(53461a8ded7695246bee2529e9b99ad0) Importer(815301076,1909f56bfc062723c751e8b465ee728b)  -> (artifact id: 'bd420fb74eee2cfdc815f54de43420de') in 0.010540 seconds 
  Import took 0.013914 seconds .

========================================================================
Received Import Request.
  Time since last request: 0.109492 seconds.
  path: Assets/籃球/source/model.fbx
  artifactKey: Guid(107ec8d66f1152f4cb6017d516475725) Importer(815301076,1909f56bfc062723c751e8b465ee728b)
Start importing Assets/籃球/source/model.fbx using Guid(107ec8d66f1152f4cb6017d516475725) Importer(815301076,1909f56bfc062723c751e8b465ee728b)  -> (artifact id: '39ea1d573ea4a56ba7261c9ed402787e') in 0.377586 seconds 
  Import took 0.380594 seconds .

========================================================================
Received Import Request.
  Time since last request: 48.253929 seconds.
  path: Assets/籃球/textures/DefaultMaterial_Base_Color.jpg
  artifactKey: Guid(59dca1150540e014f863a98bd879ba58) Importer(815301076,1909f56bfc062723c751e8b465ee728b)
Start importing Assets/籃球/textures/DefaultMaterial_Base_Color.jpg using Guid(59dca1150540e014f863a98bd879ba58) Importer(815301076,1909f56bfc062723c751e8b465ee728b)  -> (artifact id: '8239c37b7ae6ad8345390bbeeb94b8dc') in 0.056541 seconds 
  Import took 0.059641 seconds .

========================================================================
Received Import Request.
  Time since last request: 0.000177 seconds.
  path: Assets/籃球/textures/DefaultMaterial_Roughness.jpg
  artifactKey: Guid(f3efa275452cc8e44a21e513155670c3) Importer(815301076,1909f56bfc062723c751e8b465ee728b)
Start importing Assets/籃球/textures/DefaultMaterial_Roughness.jpg using Guid(f3efa275452cc8e44a21e513155670c3) Importer(815301076,1909f56bfc062723c751e8b465ee728b)  -> (artifact id: 'ff379f2d9f5ef78b99972482756927dd') in 0.016326 seconds 
  Import took 0.019581 seconds .

========================================================================
Received Import Request.
  Time since last request: 0.000384 seconds.
  path: Assets/籃球/textures/DefaultMaterial_Normal_DirectX.jpg
  artifactKey: Guid(6fa1df0b3cac29e469676a63b9db04bc) Importer(815301076,1909f56bfc062723c751e8b465ee728b)
Start importing Assets/籃球/textures/DefaultMaterial_Normal_DirectX.jpg using Guid(6fa1df0b3cac29e469676a63b9db04bc) Importer(815301076,1909f56bfc062723c751e8b465ee728b)  -> (artifact id: '0424f123e611dec3ad2930f90b28f787') in 0.024024 seconds 
  Import took 0.027591 seconds .

========================================================================
Received Import Request.
  Time since last request: 135.992662 seconds.
  path: Assets/籃球
  artifactKey: Guid(37467b13980322349b4c4837b429a5d4) Importer(815301076,1909f56bfc062723c751e8b465ee728b)
Start importing Assets/籃球 using Guid(37467b13980322349b4c4837b429a5d4) Importer(815301076,1909f56bfc062723c751e8b465ee728b)  -> (artifact id: '9e7669d3e9853cb09c9f4189edceea94') in 0.013004 seconds 
  Import took 0.016508 seconds .

========================================================================
Received Import Request.
  Time since last request: 12.566121 seconds.
  path: Assets/籃球/籃球.mat
  artifactKey: Guid(9b189ecf8786ecd4e98a503219a4172c) Importer(815301076,1909f56bfc062723c751e8b465ee728b)
Start importing Assets/籃球/籃球.mat using Guid(9b189ecf8786ecd4e98a503219a4172c) Importer(815301076,1909f56bfc062723c751e8b465ee728b)  -> (artifact id: '1c9e4645d73b6de7835b42723f36ef46') in 0.034324 seconds 
  Import took 0.037287 seconds .

========================================================================
Received Import Request.
  Time since last request: 2.800257 seconds.
  path: Assets/籃球/textures
  artifactKey: Guid(0e862be195ecf49489a3ad5135843ca6) Importer(815301076,1909f56bfc062723c751e8b465ee728b)
Start importing Assets/籃球/textures using Guid(0e862be195ecf49489a3ad5135843ca6) Importer(815301076,1909f56bfc062723c751e8b465ee728b)  -> (artifact id: 'd08171ad831648b06f2216c2a8bd49d5') in 0.008715 seconds 
  Import took 0.011963 seconds .

